<?xml version="1.0" encoding="UTF-8"?>
<!-- Generated by org.testng.reporters.JUnitXMLReporter -->
<testsuite hostname="Venkats-MacBook-Air.local" ignored="0" name="TestCase2_Firefox" tests="1" failures="0" timestamp="09 Mar 2019 06:55:40 GMT" time="0.016" errors="0">
  <testcase name="@BeforeTest beforeTest" time="0.001" classname="SeleniumGrid3.NewTest">
    <failure type="java.lang.IllegalStateException" message="The driver executable does not exist: /Users/venkatneppalli/Documents/BrowserDriverVersions/chromedriver">
      <![CDATA[java.lang.IllegalStateException: The driver executable does not exist: /Users/venkatneppalli/Documents/BrowserDriverVersions/chromedriver
at com.google.common.base.Preconditions.checkState(Preconditions.java:585)
at org.openqa.selenium.remote.service.DriverService.checkExecutable(DriverService.java:146)
at org.openqa.selenium.remote.service.DriverService.findExecutable(DriverService.java:141)
at org.openqa.selenium.chrome.ChromeDriverService.access$000(ChromeDriverService.java:35)
at org.openqa.selenium.chrome.ChromeDriverService$Builder.findDefaultExecutable(ChromeDriverService.java:159)
at org.openqa.selenium.remote.service.DriverService$Builder.build(DriverService.java:355)
at org.openqa.selenium.chrome.ChromeDriverService.createDefaultService(ChromeDriverService.java:94)
at org.openqa.selenium.chrome.ChromeDriver.<init>(ChromeDriver.java:123)
at SeleniumGrid3.NewTest.beforeTest(NewTest.java:56)
... Removed 24 stack frames]]>
    </failure>
  </testcase> <!-- @BeforeTest beforeTest -->
  <testcase name="@AfterTest afterTest" time="0.0" classname="SeleniumGrid3.NewTest">
    <skipped/>
  </testcase> <!-- @AfterTest afterTest -->
  <testcase name="f" time="0.0" classname="SeleniumGrid3.NewTest">
    <skipped/>
  </testcase> <!-- f -->
</testsuite> <!-- TestCase2_Firefox -->
